[2022-07-31 15:01:55,364] {taskinstance.py:1159} INFO - Dependencies all met for <TaskInstance: dag_with_postgres_operator.create_postgres_table scheduled__2022-02-20T00:00:00+00:00 [queued]>
[2022-07-31 15:01:55,382] {taskinstance.py:1159} INFO - Dependencies all met for <TaskInstance: dag_with_postgres_operator.create_postgres_table scheduled__2022-02-20T00:00:00+00:00 [queued]>
[2022-07-31 15:01:55,382] {taskinstance.py:1356} INFO - 
--------------------------------------------------------------------------------
[2022-07-31 15:01:55,382] {taskinstance.py:1357} INFO - Starting attempt 9 of 9
[2022-07-31 15:01:55,382] {taskinstance.py:1358} INFO - 
--------------------------------------------------------------------------------
[2022-07-31 15:01:55,404] {taskinstance.py:1377} INFO - Executing <Task(PostgresOperator): create_postgres_table> on 2022-02-20 00:00:00+00:00
[2022-07-31 15:01:55,408] {standard_task_runner.py:52} INFO - Started process 6862 to run task
[2022-07-31 15:01:55,412] {standard_task_runner.py:79} INFO - Running: ['***', 'tasks', 'run', 'dag_with_postgres_operator', 'create_postgres_table', 'scheduled__2022-02-20T00:00:00+00:00', '--job-id', '466', '--raw', '--subdir', 'DAGS_FOLDER/DAGWithPostgresOperator.py', '--cfg-path', '/tmp/tmp5pbjjldv', '--error-file', '/tmp/tmp58mzgjws']
[2022-07-31 15:01:55,412] {standard_task_runner.py:80} INFO - Job 466: Subtask create_postgres_table
[2022-07-31 15:01:55,479] {task_command.py:369} INFO - Running <TaskInstance: dag_with_postgres_operator.create_postgres_table scheduled__2022-02-20T00:00:00+00:00 [running]> on host 4688dd3b7141
[2022-07-31 15:01:55,516] {taskinstance.py:1889} ERROR - Task failed with exception
Traceback (most recent call last):
  File "/home/airflow/.local/lib/python3.7/site-packages/airflow/models/taskinstance.py", line 1451, in _run_raw_task
    self._execute_task_with_callbacks(context, test_mode)
  File "/home/airflow/.local/lib/python3.7/site-packages/airflow/models/taskinstance.py", line 1555, in _execute_task_with_callbacks
    task_orig = self.render_templates(context=context)
  File "/home/airflow/.local/lib/python3.7/site-packages/airflow/models/taskinstance.py", line 2202, in render_templates
    rendered_task = self.task.render_template_fields(context)
  File "/home/airflow/.local/lib/python3.7/site-packages/airflow/models/baseoperator.py", line 1179, in render_template_fields
    self._do_render_template_fields(self, self.template_fields, context, jinja_env, set())
  File "/home/airflow/.local/lib/python3.7/site-packages/airflow/utils/session.py", line 71, in wrapper
    return func(*args, session=session, **kwargs)
  File "/home/airflow/.local/lib/python3.7/site-packages/airflow/models/abstractoperator.py", line 348, in _do_render_template_fields
    seen_oids,
  File "/home/airflow/.local/lib/python3.7/site-packages/airflow/models/abstractoperator.py", line 385, in render_template
    template = jinja_env.get_template(value)
  File "/home/airflow/.local/lib/python3.7/site-packages/jinja2/environment.py", line 997, in get_template
    return self._load_template(name, globals)
  File "/home/airflow/.local/lib/python3.7/site-packages/jinja2/environment.py", line 958, in _load_template
    template = self.loader.load(self, name, self.make_globals(globals))
  File "/home/airflow/.local/lib/python3.7/site-packages/jinja2/loaders.py", line 125, in load
    source, filename, uptodate = self.get_source(environment, name)
  File "/home/airflow/.local/lib/python3.7/site-packages/jinja2/loaders.py", line 214, in get_source
    raise TemplateNotFound(template)
jinja2.exceptions.TemplateNotFound: /data/postgres/pet_schema.sql
[2022-07-31 15:01:55,531] {taskinstance.py:1400} INFO - Marking task as FAILED. dag_id=dag_with_postgres_operator, task_id=create_postgres_table, execution_date=20220220T000000, start_date=20220731T150155, end_date=20220731T150155
[2022-07-31 15:01:55,544] {standard_task_runner.py:97} ERROR - Failed to execute job 466 for task create_postgres_table (/data/postgres/pet_schema.sql; 6862)
[2022-07-31 15:01:55,589] {local_task_job.py:156} INFO - Task exited with return code 1
[2022-07-31 15:01:55,644] {local_task_job.py:273} INFO - 0 downstream tasks scheduled from follow-on schedule check
